<?xml version="1.0" encoding="UTF-8"?>
<!-- Generated by org.testng.reporters.JUnitReportReporter -->
<testsuite hostname="EERO" failures="0" tests="1" name="testSuite.TestCase5_ContactUsForm" time="45.112" errors="0" timestamp="17 May 2024 11:14:39 GMT">
  <testcase classname="testSuite.TestCase5_ContactUsForm" name="TestCase5" time="45.112"/>
</testsuite> <!-- testSuite.TestCase5_ContactUsForm -->
