<?xml version="1.0" encoding="UTF-8"?>
<!-- Generated by org.testng.reporters.JUnitReportReporter -->
<testsuite hostname="EERO" failures="0" tests="1" name="testSuite.TestCase1_RegisterUser" time="32.063" errors="0" timestamp="30 Mar 2024 14:08:35 GMT">
  <testcase classname="testSuite.TestCase1_RegisterUser" name="TestCase1" time="32.063"/>
</testsuite> <!-- testSuite.TestCase1_RegisterUser -->
