<?xml version="1.0" encoding="UTF-8"?>
<!-- Generated by org.testng.reporters.JUnitReportReporter -->
<testsuite hostname="EERO" failures="0" tests="1" name="testSuite.Apach_poi" time="0.515" errors="0" timestamp="13 Apr 2024 07:37:46 GMT">
  <testcase classname="testSuite.Apach_poi" name="dataDrivenTesting" time="0.515"/>
</testsuite> <!-- testSuite.Apach_poi -->
