<?xml version="1.0" encoding="UTF-8"?>
<!-- Generated by org.testng.reporters.JUnitReportReporter -->
<testsuite hostname="EERO" failures="0" tests="1" name="testSuite.TestCase1_RegisterUser" time="19.103" errors="0" timestamp="25 Mar 2024 14:31:15 GMT">
  <testcase classname="testSuite.TestCase1_RegisterUser" name="TestCase1" time="19.103"/>
</testsuite> <!-- testSuite.TestCase1_RegisterUser -->
