<?xml version="1.0" encoding="UTF-8"?>
<!-- Generated by org.testng.reporters.JUnitReportReporter -->
<testsuite hostname="EERO" failures="0" tests="1" name="testSuite.TestCase9_SubscriptionHome" time="12.197" errors="0" timestamp="2024-05-18T15:32:37 IST" skipped="0">
  <testcase classname="testSuite.TestCase9_SubscriptionHome" name="TestCase9" time="12.197"/>
  <system-out/>
</testsuite> <!-- testSuite.TestCase9_SubscriptionHome -->
