<?xml version="1.0" encoding="UTF-8"?>
<!-- Generated by org.testng.reporters.JUnitReportReporter -->
<testsuite hostname="EERO" failures="0" tests="1" name="testSuite.TestCase6_TestCasePage" time="30.956" errors="0" timestamp="2024-05-18T11:44:48 IST" skipped="0">
  <testcase classname="testSuite.TestCase6_TestCasePage" name="TestCase6" time="30.956"/>
  <system-out/>
</testsuite> <!-- testSuite.TestCase6_TestCasePage -->
