<?xml version="1.0" encoding="UTF-8"?>
<!-- Generated by org.testng.reporters.JUnitReportReporter -->
<testsuite hostname="EERO" failures="0" tests="3" name="Module_Practices.Excel_DataProvider" time="0.009" errors="0" timestamp="19 Apr 2024 13:43:56 GMT">
  <testcase classname="Module_Practices.Excel_DataProvider" name="dataTest" time="0.008"/>
  <testcase classname="Module_Practices.Excel_DataProvider" name="dataTest" time="0.001"/>
  <testcase classname="Module_Practices.Excel_DataProvider" name="dataTest" time="0.000"/>
</testsuite> <!-- Module_Practices.Excel_DataProvider -->
