<?xml version="1.0" encoding="UTF-8"?>
<!-- Generated by org.testng.reporters.JUnitReportReporter -->
<testsuite hostname="EERO" failures="0" tests="1" name="module_Selenium.TablePractice" time="2.799" errors="0" timestamp="2024-07-19T15:45:08 IST" skipped="0">
  <testcase classname="module_Selenium.TablePractice" name="main" time="2.799"/>
  <system-out/>
</testsuite> <!-- module_Selenium.TablePractice -->
