<?xml version="1.0" encoding="UTF-8"?>
<!-- Generated by org.testng.reporters.JUnitReportReporter -->
<testsuite hostname="EERO" failures="0" tests="1" name="testSuite.TestCase13_RegWhileCheckout" time="64.308" errors="0" timestamp="2024-05-20T13:26:14 IST" skipped="0">
  <testcase classname="testSuite.TestCase13_RegWhileCheckout" name="TestCase13" time="64.308"/>
  <system-out/>
</testsuite> <!-- testSuite.TestCase13_RegWhileCheckout -->
