<?xml version="1.0" encoding="UTF-8"?>
<!-- Generated by org.testng.reporters.JUnitReportReporter -->
<testsuite hostname="EERO" failures="0" tests="1" name="testSuite.TestCase2_LoginUser" time="27.821" errors="0" timestamp="13 Apr 2024 12:07:00 GMT">
  <testcase classname="testSuite.TestCase2_LoginUser" name="TestCase2" time="27.821"/>
</testsuite> <!-- testSuite.TestCase2_LoginUser -->
