<?xml version="1.0" encoding="UTF-8"?>
<!-- Generated by org.testng.reporters.JUnitReportReporter -->
<testsuite hostname="EERO" failures="0" tests="1" name="testSuite.TestCase3_LoginUserIncorrect" time="26.782" errors="0" timestamp="13 Apr 2024 12:53:34 GMT">
  <testcase classname="testSuite.TestCase3_LoginUserIncorrect" name="TestCase3" time="26.782"/>
</testsuite> <!-- testSuite.TestCase3_LoginUserIncorrect -->
