<?xml version="1.0" encoding="UTF-8"?>
<!-- Generated by org.testng.reporters.JUnitReportReporter -->
<testsuite hostname="EERO" failures="0" tests="1" name="testSuite.TestCase11_AddProduct" time="20.511" errors="0" timestamp="2024-05-18T18:52:15 IST" skipped="0">
  <testcase classname="testSuite.TestCase11_AddProduct" name="TestCase11" time="20.511"/>
  <system-out/>
</testsuite> <!-- testSuite.TestCase11_AddProduct -->
