<?xml version="1.0" encoding="UTF-8"?>
<!-- Generated by org.testng.reporters.JUnitReportReporter -->
<testsuite hostname="EERO" failures="0" tests="1" name="testSuite.TestCase16_RemoveProCart" time="35.112" errors="0" timestamp="2024-05-21T10:21:46 IST" skipped="0">
  <testcase classname="testSuite.TestCase16_RemoveProCart" name="TestCase16" time="35.112"/>
  <system-out/>
</testsuite> <!-- testSuite.TestCase16_RemoveProCart -->
