<?xml version="1.0" encoding="UTF-8"?>
<!-- Generated by org.testng.reporters.JUnitReportReporter -->
<testsuite hostname="EERO" failures="0" tests="1" name="testSuite.TestCase12_ProductQuantity" time="20.396" errors="0" timestamp="2024-05-19T12:37:00 IST" skipped="0">
  <testcase classname="testSuite.TestCase12_ProductQuantity" name="TestCase12" time="20.396"/>
  <system-out/>
</testsuite> <!-- testSuite.TestCase12_ProductQuantity -->
