<?xml version="1.0" encoding="UTF-8"?>
<!-- Generated by org.testng.reporters.JUnitReportReporter -->
<testsuite hostname="EERO" failures="0" tests="1" name="testSuite.TestCase14_RegBeforeCheckout" time="43.763" errors="0" timestamp="2024-05-20T13:34:13 IST" skipped="0">
  <testcase classname="testSuite.TestCase14_RegBeforeCheckout" name="TestCase13" time="43.763"/>
  <system-out/>
</testsuite> <!-- testSuite.TestCase14_RegBeforeCheckout -->
