<?xml version="1.0" encoding="UTF-8"?>
<!-- Generated by org.testng.reporters.JUnitReportReporter -->
<testsuite hostname="EERO" failures="0" tests="1" name="testSuite.TestCase20_AddReview" time="20.576" errors="0" timestamp="2024-05-23T10:25:29 IST" skipped="0">
  <testcase classname="testSuite.TestCase20_AddReview" name="TestCase20" time="20.576"/>
  <system-out/>
</testsuite> <!-- testSuite.TestCase20_AddReview -->
