<?xml version="1.0" encoding="UTF-8"?>
<!-- Generated by org.testng.reporters.JUnitReportReporter -->
<testsuite hostname="EERO" failures="0" tests="1" name="testSuite.TestCase18_ViewBrandProds" time="28.732" errors="0" timestamp="2024-05-22T10:04:32 IST" skipped="0">
  <testcase classname="testSuite.TestCase18_ViewBrandProds" name="TestCase18" time="28.732"/>
  <system-out/>
</testsuite> <!-- testSuite.TestCase18_ViewBrandProds -->
