<?xml version="1.0" encoding="UTF-8"?>
<!-- Generated by org.testng.reporters.JUnitReportReporter -->
<testsuite hostname="EERO" failures="0" tests="1" name="testSuite.TestCase4_ExistingEmail" time="17.018" errors="0" timestamp="14 Apr 2024 07:29:31 GMT">
  <testcase classname="testSuite.TestCase4_ExistingEmail" name="TestCase4" time="17.018"/>
</testsuite> <!-- testSuite.TestCase4_ExistingEmail -->
