<?xml version="1.0" encoding="UTF-8"?>
<!-- Generated by org.testng.reporters.JUnitReportReporter -->
<testsuite hostname="EERO" failures="0" tests="1" name="module_Selenium.Apach_poi_case1" time="0.562" errors="0" timestamp="2024-07-03T22:09:31 IST" skipped="0">
  <testcase classname="module_Selenium.Apach_poi_case1" name="dataDrivenTesting" time="0.562"/>
  <system-out/>
</testsuite> <!-- module_Selenium.Apach_poi_case1 -->
