<?xml version="1.0" encoding="UTF-8"?>
<!-- Generated by org.testng.reporters.JUnitReportReporter -->
<testsuite hostname="EERO" failures="0" tests="1" name="testSuite.TestCase17_ViewCategoryProds" time="11.987" errors="0" timestamp="2024-05-21T14:35:11 IST" skipped="0">
  <testcase classname="testSuite.TestCase17_ViewCategoryProds" name="TestCase17" time="11.987"/>
  <system-out/>
</testsuite> <!-- testSuite.TestCase17_ViewCategoryProds -->
