<?xml version="1.0" encoding="UTF-8"?>
<!-- Generated by org.testng.reporters.JUnitReportReporter -->
<testsuite hostname="EERO" failures="0" tests="3" name="Module_Practices.Basic_DataProvider" time="0.011" errors="0" timestamp="19 Apr 2024 13:07:19 GMT">
  <testcase classname="Module_Practices.Basic_DataProvider" name="getData" time="0.001"/>
  <testcase classname="Module_Practices.Basic_DataProvider" name="getData" time="0.001"/>
  <testcase classname="Module_Practices.Basic_DataProvider" name="getData" time="0.009"/>
</testsuite> <!-- Module_Practices.Basic_DataProvider -->
