<?xml version="1.0" encoding="UTF-8"?>
<!-- Generated by org.testng.reporters.JUnitReportReporter -->
<testsuite hostname="EERO" failures="0" tests="1" name="testSuite.TestCase1_RegisterUser" time="42.806" errors="0" timestamp="17 May 2024 10:33:03 GMT">
  <testcase classname="testSuite.TestCase1_RegisterUser" name="TestCase1" time="42.806"/>
</testsuite> <!-- testSuite.TestCase1_RegisterUser -->
