<?xml version="1.0" encoding="UTF-8"?>
<!-- Generated by org.testng.reporters.JUnitReportReporter -->
<testsuite hostname="EERO" failures="0" tests="1" name="testSuite.TestCase8_SearchProduct" time="17.516" errors="0" timestamp="2024-05-18T14:50:03 IST" skipped="0">
  <testcase classname="testSuite.TestCase8_SearchProduct" name="TestCase8" time="17.516"/>
  <system-out/>
</testsuite> <!-- testSuite.TestCase8_SearchProduct -->
