<?xml version="1.0" encoding="UTF-8"?>
<!-- Generated by org.testng.reporters.JUnitReportReporter -->
<testsuite hostname="EERO" failures="0" tests="1" name="testSuite.TestCase15_LoginBeforeCheckout" time="45.984" errors="0" timestamp="2024-05-20T13:40:00 IST" skipped="0">
  <testcase classname="testSuite.TestCase15_LoginBeforeCheckout" name="TestCase15" time="45.984"/>
  <system-out/>
</testsuite> <!-- testSuite.TestCase15_LoginBeforeCheckout -->
