<?xml version="1.0" encoding="UTF-8"?>
<!-- Generated by org.testng.reporters.JUnitReportReporter -->
<testsuite hostname="EERO" failures="0" tests="1" name="testSuite.TestCase10_SubscriptionsCart" time="11.176" errors="0" timestamp="2024-05-18T15:44:21 IST" skipped="0">
  <testcase classname="testSuite.TestCase10_SubscriptionsCart" name="TestCase10" time="11.176"/>
  <system-out/>
</testsuite> <!-- testSuite.TestCase10_SubscriptionsCart -->
