<?xml version="1.0" encoding="UTF-8"?>
<!-- Generated by org.testng.reporters.JUnitReportReporter -->
<testsuite hostname="EERO" failures="0" tests="1" name="testSuite.TestCase7_ProductDetails" time="94.495" errors="0" timestamp="2024-05-18T12:08:20 IST" skipped="0">
  <testcase classname="testSuite.TestCase7_ProductDetails" name="TestCase7" time="94.495"/>
  <system-out/>
</testsuite> <!-- testSuite.TestCase7_ProductDetails -->
